[2020-11-04 16:00:40,283] INFO    __main__                                      removing old suggestion server logs
[2020-11-04 16:00:41,489] INFO    __main__                                      unique user session id is: 11e06136-d096-45c1-b9c8-f8a88d13dd9d
[2020-11-04 16:00:41,489] DEBUG   simulation_visualizer.path_completition       built autocomplete function arguments: {'host': 'kohn', 'input_path': ''}
[2020-11-04 16:00:41,489] DEBUG   simulation_visualizer.path_completition       requesting function: get_dirs
[2020-11-04 16:00:41,489] DEBUG   simulation_visualizer.suggestion_server.client logging for server is set to: 10
[2020-11-04 16:00:41,489] DEBUG   simulation_visualizer.suggestion_server.client creating socket
[2020-11-04 16:00:41,489] DEBUG   simulation_visualizer.suggestion_server.client attempting to connect to server
[2020-11-04 16:00:41,490] WARNING simulation_visualizer.suggestion_server.client connection refused
[2020-11-04 16:00:41,490] WARNING simulation_visualizer.suggestion_server.client server not running, starting...
[2020-11-04 16:00:41,490] DEBUG   simulation_visualizer.suggestion_server.client removing socket file
[2020-11-04 16:00:41,490] DEBUG   simulation_visualizer.suggestion_server.client spawnig server process
[2020-11-04 16:00:41,496] DEBUG   simulation_visualizer.suggestion_server.client waiting until server creates socket file
[2020-11-04 16:00:41,604] INFO    __main__                                      unique user session id is: 1bc50350-b841-4404-beab-5690b786d1c2
[2020-11-04 16:00:41,604] DEBUG   simulation_visualizer.path_completition       built autocomplete function arguments: {'host': 'kohn', 'input_path': ''}
[2020-11-04 16:00:41,604] DEBUG   simulation_visualizer.path_completition       requesting function: get_dirs
[2020-11-04 16:00:41,605] DEBUG   simulation_visualizer.suggestion_server.client logging for server is set to: 10
[2020-11-04 16:00:41,605] DEBUG   simulation_visualizer.suggestion_server.client creating socket
[2020-11-04 16:00:41,605] DEBUG   simulation_visualizer.suggestion_server.client attempting to connect to server
[2020-11-04 16:00:41,605] WARNING simulation_visualizer.suggestion_server.client connection refused
[2020-11-04 16:00:41,605] WARNING simulation_visualizer.suggestion_server.client server not running, starting...
[2020-11-04 16:00:41,605] DEBUG   simulation_visualizer.suggestion_server.client removing socket file
[2020-11-04 16:00:41,605] DEBUG   simulation_visualizer.suggestion_server.client spawnig server process
[2020-11-04 16:00:41,611] DEBUG   simulation_visualizer.suggestion_server.client waiting until server creates socket file
[2020-11-04 16:00:41,613] DEBUG   simulation_visualizer.suggestion_server.client creating socket
[2020-11-04 16:00:41,613] DEBUG   simulation_visualizer.suggestion_server.client attempting to connect to server
[2020-11-04 16:00:41,614] DEBUG   simulation_visualizer.suggestion_server.client succesfully connected to server
[2020-11-04 16:00:41,614] DEBUG   simulation_visualizer.suggestion_server.client sending data from sercer to client: ('get_dirs', {'host': 'kohn', 'input_path': ''})
[2020-11-04 16:00:41,614] DEBUG   simulation_visualizer.suggestion_server.client receiving data length
[2020-11-04 16:00:41,614] DEBUG   simulation_visualizer.suggestion_server.client data length is: 20
[2020-11-04 16:00:41,614] DEBUG   simulation_visualizer.suggestion_server.client receiving actual data
[2020-11-04 16:00:41,614] DEBUG   simulation_visualizer.suggestion_server.client got data: ['/home/']
[2020-11-04 16:00:41,744] DEBUG   simulation_visualizer.suggestion_server.client creating socket
[2020-11-04 16:00:41,744] DEBUG   simulation_visualizer.suggestion_server.client attempting to connect to server
[2020-11-04 16:00:41,744] DEBUG   simulation_visualizer.suggestion_server.client succesfully connected to server
[2020-11-04 16:00:41,744] DEBUG   simulation_visualizer.suggestion_server.client sending data from sercer to client: ('get_dirs', {'host': 'kohn', 'input_path': ''})
[2020-11-04 16:00:41,744] DEBUG   simulation_visualizer.suggestion_server.client receiving data length
[2020-11-04 16:00:41,745] DEBUG   simulation_visualizer.suggestion_server.client data length is: 20
[2020-11-04 16:00:41,745] DEBUG   simulation_visualizer.suggestion_server.client receiving actual data
[2020-11-04 16:00:41,745] DEBUG   simulation_visualizer.suggestion_server.client got data: ['/home/']
