[2020-11-04 15:14:52,076] DEBUG   simulation_progress.suggestion_server         creating socket
[2020-11-04 15:14:52,077] DEBUG   simulation_progress.suggestion_server         binding addres to: /tmp/user-21563c92-7aa6-4d0a-a825-fd8b227b7232-suggestion_server
[2020-11-04 15:14:52,077] DEBUG   simulation_progress.suggestion_server         max requests: 5
[2020-11-04 15:14:52,077] DEBUG   simulation_progress.suggestion_server         set to accept connections
[2020-11-04 15:14:52,078] DEBUG   simulation_progress.suggestion_server         started suggestion server
[2020-11-04 15:14:52,078] DEBUG   simulation_progress.path_completition         initalized completion class
[2020-11-04 15:14:52,078] DEBUG   simulation_progress.suggestion_server         entering loop
[2020-11-04 15:14:52,078] DEBUG   simulation_progress.suggestion_server         receiving data length
[2020-11-04 15:14:52,078] DEBUG   simulation_progress.suggestion_server         data length is: 72
[2020-11-04 15:14:52,078] DEBUG   simulation_progress.suggestion_server         receiving actual data
[2020-11-04 15:14:52,078] DEBUG   simulation_progress.suggestion_server         got data: ('get_dirs', {'host': 'kohn', 'input_path': ''})
[2020-11-04 15:14:52,078] DEBUG   simulation_progress.suggestion_server         found function: <bound method Completion.get_dirs of <simulation_progress.path_completition.Completion object at 0x7fdb3ee65510>>
[2020-11-04 15:14:52,078] DEBUG   simulation_progress.suggestion_server         sending answer to client
[2020-11-04 15:14:52,078] DEBUG   simulation_progress.suggestion_server         sending data from sercer to client: ['/home/']
[2020-11-04 15:14:52,078] DEBUG   simulation_progress.suggestion_server         receiving data length
[2020-11-04 15:14:55,523] WARNING simulation_progress.suggestion_server         read zero length byte, client has disconnected
[2020-11-04 15:14:55,523] DEBUG   simulation_progress.suggestion_server         receiving data length
[2020-11-04 15:14:55,523] DEBUG   simulation_progress.suggestion_server         data length is: 132
[2020-11-04 15:14:55,523] DEBUG   simulation_progress.suggestion_server         receiving actual data
[2020-11-04 15:14:55,523] DEBUG   simulation_progress.suggestion_server         got data: ('get_dirs', {'host': 'kohn', 'input_path': '/home/rynik/Raid/dizertacka/train_Si/ge_DPMD/metad/cd/COLVAR'})
[2020-11-04 15:14:55,523] DEBUG   simulation_progress.suggestion_server         found function: <bound method Completion.get_dirs of <simulation_progress.path_completition.Completion object at 0x7fdb3ee65510>>
[2020-11-04 15:14:55,523] DEBUG   simulation_progress.suggestion_server         sending answer to client
[2020-11-04 15:14:55,984] DEBUG   simulation_progress.suggestion_server         sending data from sercer to client: ['/home/rynik/Raid/dizertacka/train_Si/ge_DPMD/metad/cd/COLVAR']
[2020-11-04 15:14:55,984] DEBUG   simulation_progress.suggestion_server         receiving data length
[2020-11-04 15:15:26,013] DEBUG   simulation_progress.suggestion_server         exiting
